[
{
  "timeMillis" : 1527473202811,
  "thread" : "main",
  "level" : "INFO",
  "loggerName" : "com.ahmed.UserApplication",
  "message" : "Starting UserApplication on TORWL400091 with PID 20312 (C:\\Users\\ahmohammed\\Desktop\\homework\\microservice-cloud-boilerplate-complete\\user-webservice\\build\\classes\\main started by ahmohammed in C:\\Users\\ahmohammed\\Desktop\\homework\\microservice-cloud-boilerplate-complete\\user-webservice)",
  "endOfBatch" : false,
  "loggerFqcn" : "org.apache.commons.logging.impl.SLF4JLocationAwareLog",
  "threadId" : 1,
  "threadPriority" : 5
}
, {
  "timeMillis" : 1527473202927,
  "thread" : "main",
  "level" : "DEBUG",
  "loggerName" : "com.ahmed.UserApplication",
  "message" : "Running with Spring Boot v1.5.3.RELEASE, Spring v4.3.8.RELEASE",
  "endOfBatch" : false,
  "loggerFqcn" : "org.apache.commons.logging.impl.SLF4JLocationAwareLog",
  "threadId" : 1,
  "threadPriority" : 5
}
, {
  "timeMillis" : 1527473202927,
  "thread" : "main",
  "level" : "INFO",
  "loggerName" : "com.ahmed.UserApplication",
  "message" : "No active profile set, falling back to default profiles: default",
  "endOfBatch" : false,
  "loggerFqcn" : "org.apache.commons.logging.impl.SLF4JLocationAwareLog",
  "threadId" : 1,
  "threadPriority" : 5
}
, {
  "timeMillis" : 1527473207903,
  "thread" : "main",
  "level" : "INFO",
  "loggerName" : "com.ahmed.UserApplication",
  "message" : "Started UserApplication in 5.952 seconds (JVM running for 6.991)",
  "endOfBatch" : false,
  "loggerFqcn" : "org.apache.commons.logging.impl.SLF4JLocationAwareLog",
  "threadId" : 1,
  "threadPriority" : 5
}
{
  "timeMillis" : 1527475691474,
  "thread" : "Test worker",
  "level" : "INFO",
  "loggerName" : "com.ahmed.microservices.user.unit.UserBusinessInTest",
  "message" : "Starting UserBusinessInTest on TORWL400091 with PID 9120 (started by ahmohammed in C:\\Users\\ahmohammed\\Desktop\\homework\\microservice-cloud-boilerplate-complete\\user-webservice)",
  "endOfBatch" : false,
  "loggerFqcn" : "org.apache.commons.logging.impl.SLF4JLocationAwareLog",
  "threadId" : 9,
  "threadPriority" : 5
}
, {
  "timeMillis" : 1527475691560,
  "thread" : "Test worker",
  "level" : "DEBUG",
  "loggerName" : "com.ahmed.microservices.user.unit.UserBusinessInTest",
  "message" : "Running with Spring Boot v1.5.3.RELEASE, Spring v4.3.8.RELEASE",
  "endOfBatch" : false,
  "loggerFqcn" : "org.apache.commons.logging.impl.SLF4JLocationAwareLog",
  "threadId" : 9,
  "threadPriority" : 5
}
, {
  "timeMillis" : 1527475691560,
  "thread" : "Test worker",
  "level" : "INFO",
  "loggerName" : "com.ahmed.microservices.user.unit.UserBusinessInTest",
  "message" : "No active profile set, falling back to default profiles: default",
  "endOfBatch" : false,
  "loggerFqcn" : "org.apache.commons.logging.impl.SLF4JLocationAwareLog",
  "threadId" : 9,
  "threadPriority" : 5
}
, {
  "timeMillis" : 1527475695521,
  "thread" : "Test worker",
  "level" : "INFO",
  "loggerName" : "com.ahmed.microservices.user.unit.UserBusinessInTest",
  "message" : "Started UserBusinessInTest in 4.368 seconds (JVM running for 6.33)",
  "endOfBatch" : false,
  "loggerFqcn" : "org.apache.commons.logging.impl.SLF4JLocationAwareLog",
  "threadId" : 9,
  "threadPriority" : 5
}
, {
  "timeMillis" : 1527475695786,
  "thread" : "Test worker",
  "level" : "INFO",
  "loggerName" : "com.ahmed.microservices.user.unit.UserControllerInTest",
  "message" : "Starting UserControllerInTest on TORWL400091 with PID 9120 (started by ahmohammed in C:\\Users\\ahmohammed\\Desktop\\homework\\microservice-cloud-boilerplate-complete\\user-webservice)",
  "endOfBatch" : false,
  "loggerFqcn" : "org.apache.commons.logging.impl.SLF4JLocationAwareLog",
  "threadId" : 9,
  "threadPriority" : 5
}
, {
  "timeMillis" : 1527475695786,
  "thread" : "Test worker",
  "level" : "DEBUG",
  "loggerName" : "com.ahmed.microservices.user.unit.UserControllerInTest",
  "message" : "Running with Spring Boot v1.5.3.RELEASE, Spring v4.3.8.RELEASE",
  "endOfBatch" : false,
  "loggerFqcn" : "org.apache.commons.logging.impl.SLF4JLocationAwareLog",
  "threadId" : 9,
  "threadPriority" : 5
}
, {
  "timeMillis" : 1527475695786,
  "thread" : "Test worker",
  "level" : "INFO",
  "loggerName" : "com.ahmed.microservices.user.unit.UserControllerInTest",
  "message" : "No active profile set, falling back to default profiles: default",
  "endOfBatch" : false,
  "loggerFqcn" : "org.apache.commons.logging.impl.SLF4JLocationAwareLog",
  "threadId" : 9,
  "threadPriority" : 5
}
, {
  "timeMillis" : 1527475696418,
  "thread" : "Test worker",
  "level" : "WARN",
  "loggerName" : "org.hibernate.jpa.internal.EntityManagerFactoryRegistry",
  "message" : "HHH000436: Entity manager factory name (default) is already registered.  If entity manager will be clustered or passivated, specify a unique value for property 'hibernate.ejb.entitymanager_factory_name'",
  "endOfBatch" : false,
  "loggerFqcn" : "org.hibernate.internal.CoreMessageLogger_$logger",
  "threadId" : 9,
  "threadPriority" : 5
}
, {
  "timeMillis" : 1527475696881,
  "thread" : "Test worker",
  "level" : "INFO",
  "loggerName" : "com.ahmed.microservices.user.unit.UserControllerInTest",
  "message" : "Started UserControllerInTest in 1.148 seconds (JVM running for 7.691)",
  "endOfBatch" : false,
  "loggerFqcn" : "org.apache.commons.logging.impl.SLF4JLocationAwareLog",
  "threadId" : 9,
  "threadPriority" : 5
}
, {
  "timeMillis" : 1527475696948,
  "thread" : "Test worker",
  "level" : "ERROR",
  "loggerName" : "com.ahmed.exceptions.ExceptionHandlingController",
  "message" : "ExceptionResponse(exception=null, errorCode=GENRIC-INTERNAL-ERROR-01, errorMessage=Generic error happened )Required request body is missing: org.springframework.http.ResponseEntity<com.ahmed.dto.UserDTO> com.ahmed.api.UserController.saveUser(com.ahmed.dto.UserDTO)",
  "endOfBatch" : false,
  "loggerFqcn" : "org.apache.logging.log4j.spi.AbstractLogger",
  "threadId" : 9,
  "threadPriority" : 5
}

]
{
  "timeMillis" : 1527475996834,
  "thread" : "Test worker",
  "level" : "INFO",
  "loggerName" : "com.ahmed.microservices.user.unit.UserBusinessInTest",
  "message" : "Starting UserBusinessInTest on TORWL400091 with PID 18320 (started by ahmohammed in C:\\Users\\ahmohammed\\Desktop\\homework\\microservice-cloud-boilerplate-complete\\user-webservice)",
  "endOfBatch" : false,
  "loggerFqcn" : "org.apache.commons.logging.impl.SLF4JLocationAwareLog",
  "threadId" : 9,
  "threadPriority" : 5
}
, {
  "timeMillis" : 1527475996918,
  "thread" : "Test worker",
  "level" : "DEBUG",
  "loggerName" : "com.ahmed.microservices.user.unit.UserBusinessInTest",
  "message" : "Running with Spring Boot v1.5.3.RELEASE, Spring v4.3.8.RELEASE",
  "endOfBatch" : false,
  "loggerFqcn" : "org.apache.commons.logging.impl.SLF4JLocationAwareLog",
  "threadId" : 9,
  "threadPriority" : 5
}
, {
  "timeMillis" : 1527475996918,
  "thread" : "Test worker",
  "level" : "INFO",
  "loggerName" : "com.ahmed.microservices.user.unit.UserBusinessInTest",
  "message" : "No active profile set, falling back to default profiles: default",
  "endOfBatch" : false,
  "loggerFqcn" : "org.apache.commons.logging.impl.SLF4JLocationAwareLog",
  "threadId" : 9,
  "threadPriority" : 5
}
, {
  "timeMillis" : 1527476000922,
  "thread" : "Test worker",
  "level" : "INFO",
  "loggerName" : "com.ahmed.microservices.user.unit.UserBusinessInTest",
  "message" : "Started UserBusinessInTest in 4.432 seconds (JVM running for 6.323)",
  "endOfBatch" : false,
  "loggerFqcn" : "org.apache.commons.logging.impl.SLF4JLocationAwareLog",
  "threadId" : 9,
  "threadPriority" : 5
}
, {
  "timeMillis" : 1527476001159,
  "thread" : "Test worker",
  "level" : "INFO",
  "loggerName" : "com.ahmed.microservices.user.unit.UserControllerInTest",
  "message" : "Starting UserControllerInTest on TORWL400091 with PID 18320 (started by ahmohammed in C:\\Users\\ahmohammed\\Desktop\\homework\\microservice-cloud-boilerplate-complete\\user-webservice)",
  "endOfBatch" : false,
  "loggerFqcn" : "org.apache.commons.logging.impl.SLF4JLocationAwareLog",
  "threadId" : 9,
  "threadPriority" : 5
}
, {
  "timeMillis" : 1527476001160,
  "thread" : "Test worker",
  "level" : "DEBUG",
  "loggerName" : "com.ahmed.microservices.user.unit.UserControllerInTest",
  "message" : "Running with Spring Boot v1.5.3.RELEASE, Spring v4.3.8.RELEASE",
  "endOfBatch" : false,
  "loggerFqcn" : "org.apache.commons.logging.impl.SLF4JLocationAwareLog",
  "threadId" : 9,
  "threadPriority" : 5
}
, {
  "timeMillis" : 1527476001160,
  "thread" : "Test worker",
  "level" : "INFO",
  "loggerName" : "com.ahmed.microservices.user.unit.UserControllerInTest",
  "message" : "No active profile set, falling back to default profiles: default",
  "endOfBatch" : false,
  "loggerFqcn" : "org.apache.commons.logging.impl.SLF4JLocationAwareLog",
  "threadId" : 9,
  "threadPriority" : 5
}
, {
  "timeMillis" : 1527476001909,
  "thread" : "Test worker",
  "level" : "WARN",
  "loggerName" : "org.hibernate.jpa.internal.EntityManagerFactoryRegistry",
  "message" : "HHH000436: Entity manager factory name (default) is already registered.  If entity manager will be clustered or passivated, specify a unique value for property 'hibernate.ejb.entitymanager_factory_name'",
  "endOfBatch" : false,
  "loggerFqcn" : "org.hibernate.internal.CoreMessageLogger_$logger",
  "threadId" : 9,
  "threadPriority" : 5
}
, {
  "timeMillis" : 1527476002361,
  "thread" : "Test worker",
  "level" : "INFO",
  "loggerName" : "com.ahmed.microservices.user.unit.UserControllerInTest",
  "message" : "Started UserControllerInTest in 1.254 seconds (JVM running for 7.761)",
  "endOfBatch" : false,
  "loggerFqcn" : "org.apache.commons.logging.impl.SLF4JLocationAwareLog",
  "threadId" : 9,
  "threadPriority" : 5
}
, {
  "timeMillis" : 1527476002422,
  "thread" : "Test worker",
  "level" : "ERROR",
  "loggerName" : "com.ahmed.exceptions.ExceptionHandlingController",
  "message" : "ExceptionResponse(exception=null, errorCode=INPUT-EMPTY-1001, errorMessage=Required request body is missing: org.springframework.http.ResponseEntity<com.ahmed.dto.UserDTO> com.ahmed.api.UserController.saveUser(com.ahmed.dto.UserDTO))",
  "endOfBatch" : false,
  "loggerFqcn" : "org.apache.logging.log4j.spi.AbstractLogger",
  "threadId" : 9,
  "threadPriority" : 5
}

]
{
  "timeMillis" : 1527476077893,
  "thread" : "Test worker",
  "level" : "INFO",
  "loggerName" : "com.ahmed.microservices.user.unit.UserBusinessInTest",
  "message" : "Starting UserBusinessInTest on TORWL400091 with PID 23520 (started by ahmohammed in C:\\Users\\ahmohammed\\Desktop\\homework\\microservice-cloud-boilerplate-complete\\user-webservice)",
  "endOfBatch" : false,
  "loggerFqcn" : "org.apache.commons.logging.impl.SLF4JLocationAwareLog",
  "threadId" : 9,
  "threadPriority" : 5
}
, {
  "timeMillis" : 1527476077971,
  "thread" : "Test worker",
  "level" : "DEBUG",
  "loggerName" : "com.ahmed.microservices.user.unit.UserBusinessInTest",
  "message" : "Running with Spring Boot v1.5.3.RELEASE, Spring v4.3.8.RELEASE",
  "endOfBatch" : false,
  "loggerFqcn" : "org.apache.commons.logging.impl.SLF4JLocationAwareLog",
  "threadId" : 9,
  "threadPriority" : 5
}
, {
  "timeMillis" : 1527476077972,
  "thread" : "Test worker",
  "level" : "INFO",
  "loggerName" : "com.ahmed.microservices.user.unit.UserBusinessInTest",
  "message" : "No active profile set, falling back to default profiles: default",
  "endOfBatch" : false,
  "loggerFqcn" : "org.apache.commons.logging.impl.SLF4JLocationAwareLog",
  "threadId" : 9,
  "threadPriority" : 5
}
, {
  "timeMillis" : 1527476081927,
  "thread" : "Test worker",
  "level" : "INFO",
  "loggerName" : "com.ahmed.microservices.user.unit.UserBusinessInTest",
  "message" : "Started UserBusinessInTest in 4.365 seconds (JVM running for 6.143)",
  "endOfBatch" : false,
  "loggerFqcn" : "org.apache.commons.logging.impl.SLF4JLocationAwareLog",
  "threadId" : 9,
  "threadPriority" : 5
}
, {
  "timeMillis" : 1527476082215,
  "thread" : "Test worker",
  "level" : "INFO",
  "loggerName" : "com.ahmed.microservices.user.unit.UserControllerInTest",
  "message" : "Starting UserControllerInTest on TORWL400091 with PID 23520 (started by ahmohammed in C:\\Users\\ahmohammed\\Desktop\\homework\\microservice-cloud-boilerplate-complete\\user-webservice)",
  "endOfBatch" : false,
  "loggerFqcn" : "org.apache.commons.logging.impl.SLF4JLocationAwareLog",
  "threadId" : 9,
  "threadPriority" : 5
}
, {
  "timeMillis" : 1527476082215,
  "thread" : "Test worker",
  "level" : "DEBUG",
  "loggerName" : "com.ahmed.microservices.user.unit.UserControllerInTest",
  "message" : "Running with Spring Boot v1.5.3.RELEASE, Spring v4.3.8.RELEASE",
  "endOfBatch" : false,
  "loggerFqcn" : "org.apache.commons.logging.impl.SLF4JLocationAwareLog",
  "threadId" : 9,
  "threadPriority" : 5
}
, {
  "timeMillis" : 1527476082216,
  "thread" : "Test worker",
  "level" : "INFO",
  "loggerName" : "com.ahmed.microservices.user.unit.UserControllerInTest",
  "message" : "No active profile set, falling back to default profiles: default",
  "endOfBatch" : false,
  "loggerFqcn" : "org.apache.commons.logging.impl.SLF4JLocationAwareLog",
  "threadId" : 9,
  "threadPriority" : 5
}
, {
  "timeMillis" : 1527476082854,
  "thread" : "Test worker",
  "level" : "WARN",
  "loggerName" : "org.hibernate.jpa.internal.EntityManagerFactoryRegistry",
  "message" : "HHH000436: Entity manager factory name (default) is already registered.  If entity manager will be clustered or passivated, specify a unique value for property 'hibernate.ejb.entitymanager_factory_name'",
  "endOfBatch" : false,
  "loggerFqcn" : "org.hibernate.internal.CoreMessageLogger_$logger",
  "threadId" : 9,
  "threadPriority" : 5
}
, {
  "timeMillis" : 1527476083309,
  "thread" : "Test worker",
  "level" : "INFO",
  "loggerName" : "com.ahmed.microservices.user.unit.UserControllerInTest",
  "message" : "Started UserControllerInTest in 1.146 seconds (JVM running for 7.525)",
  "endOfBatch" : false,
  "loggerFqcn" : "org.apache.commons.logging.impl.SLF4JLocationAwareLog",
  "threadId" : 9,
  "threadPriority" : 5
}
, {
  "timeMillis" : 1527476083375,
  "thread" : "Test worker",
  "level" : "ERROR",
  "loggerName" : "com.ahmed.exceptions.ExceptionHandlingController",
  "message" : "ExceptionResponse(exception=null, errorCode=INPUT-EMPTY-1001, errorMessage=Required request body is missing: org.springframework.http.ResponseEntity<com.ahmed.dto.UserDTO> com.ahmed.api.UserController.saveUser(com.ahmed.dto.UserDTO))",
  "endOfBatch" : false,
  "loggerFqcn" : "org.apache.logging.log4j.spi.AbstractLogger",
  "threadId" : 9,
  "threadPriority" : 5
}

]
{
  "timeMillis" : 1527476373525,
  "thread" : "Test worker",
  "level" : "INFO",
  "loggerName" : "com.ahmed.microservices.user.unit.UserBusinessInTest",
  "message" : "Starting UserBusinessInTest on TORWL400091 with PID 4636 (started by ahmohammed in C:\\Users\\ahmohammed\\Desktop\\homework\\microservice-cloud-boilerplate-complete\\user-webservice)",
  "endOfBatch" : false,
  "loggerFqcn" : "org.apache.commons.logging.impl.SLF4JLocationAwareLog",
  "threadId" : 9,
  "threadPriority" : 5
}
, {
  "timeMillis" : 1527476373616,
  "thread" : "Test worker",
  "level" : "DEBUG",
  "loggerName" : "com.ahmed.microservices.user.unit.UserBusinessInTest",
  "message" : "Running with Spring Boot v1.5.3.RELEASE, Spring v4.3.8.RELEASE",
  "endOfBatch" : false,
  "loggerFqcn" : "org.apache.commons.logging.impl.SLF4JLocationAwareLog",
  "threadId" : 9,
  "threadPriority" : 5
}
, {
  "timeMillis" : 1527476373617,
  "thread" : "Test worker",
  "level" : "INFO",
  "loggerName" : "com.ahmed.microservices.user.unit.UserBusinessInTest",
  "message" : "No active profile set, falling back to default profiles: default",
  "endOfBatch" : false,
  "loggerFqcn" : "org.apache.commons.logging.impl.SLF4JLocationAwareLog",
  "threadId" : 9,
  "threadPriority" : 5
}
, {
  "timeMillis" : 1527476377506,
  "thread" : "Test worker",
  "level" : "INFO",
  "loggerName" : "com.ahmed.microservices.user.unit.UserBusinessInTest",
  "message" : "Started UserBusinessInTest in 4.293 seconds (JVM running for 6.248)",
  "endOfBatch" : false,
  "loggerFqcn" : "org.apache.commons.logging.impl.SLF4JLocationAwareLog",
  "threadId" : 9,
  "threadPriority" : 5
}
, {
  "timeMillis" : 1527476377742,
  "thread" : "Test worker",
  "level" : "INFO",
  "loggerName" : "com.ahmed.microservices.user.unit.UserControllerInTest",
  "message" : "Starting UserControllerInTest on TORWL400091 with PID 4636 (started by ahmohammed in C:\\Users\\ahmohammed\\Desktop\\homework\\microservice-cloud-boilerplate-complete\\user-webservice)",
  "endOfBatch" : false,
  "loggerFqcn" : "org.apache.commons.logging.impl.SLF4JLocationAwareLog",
  "threadId" : 9,
  "threadPriority" : 5
}
, {
  "timeMillis" : 1527476377742,
  "thread" : "Test worker",
  "level" : "DEBUG",
  "loggerName" : "com.ahmed.microservices.user.unit.UserControllerInTest",
  "message" : "Running with Spring Boot v1.5.3.RELEASE, Spring v4.3.8.RELEASE",
  "endOfBatch" : false,
  "loggerFqcn" : "org.apache.commons.logging.impl.SLF4JLocationAwareLog",
  "threadId" : 9,
  "threadPriority" : 5
}
, {
  "timeMillis" : 1527476377742,
  "thread" : "Test worker",
  "level" : "INFO",
  "loggerName" : "com.ahmed.microservices.user.unit.UserControllerInTest",
  "message" : "No active profile set, falling back to default profiles: default",
  "endOfBatch" : false,
  "loggerFqcn" : "org.apache.commons.logging.impl.SLF4JLocationAwareLog",
  "threadId" : 9,
  "threadPriority" : 5
}
, {
  "timeMillis" : 1527476378444,
  "thread" : "Test worker",
  "level" : "WARN",
  "loggerName" : "org.hibernate.jpa.internal.EntityManagerFactoryRegistry",
  "message" : "HHH000436: Entity manager factory name (default) is already registered.  If entity manager will be clustered or passivated, specify a unique value for property 'hibernate.ejb.entitymanager_factory_name'",
  "endOfBatch" : false,
  "loggerFqcn" : "org.hibernate.internal.CoreMessageLogger_$logger",
  "threadId" : 9,
  "threadPriority" : 5
}
, {
  "timeMillis" : 1527476378858,
  "thread" : "Test worker",
  "level" : "INFO",
  "loggerName" : "com.ahmed.microservices.user.unit.UserControllerInTest",
  "message" : "Started UserControllerInTest in 1.169 seconds (JVM running for 7.6)",
  "endOfBatch" : false,
  "loggerFqcn" : "org.apache.commons.logging.impl.SLF4JLocationAwareLog",
  "threadId" : 9,
  "threadPriority" : 5
}
, {
  "timeMillis" : 1527476378921,
  "thread" : "Test worker",
  "level" : "ERROR",
  "loggerName" : "com.ahmed.exceptions.ExceptionHandlingController",
  "message" : "ExceptionResponse(exception=null, errorCode=INPUT-EMPTY-1001, errorMessage=Required request body is missing: org.springframework.http.ResponseEntity<com.ahmed.dto.UserDTO> com.ahmed.api.UserController.saveUser(com.ahmed.dto.UserDTO))",
  "endOfBatch" : false,
  "loggerFqcn" : "org.apache.logging.log4j.spi.AbstractLogger",
  "threadId" : 9,
  "threadPriority" : 5
}

]
{
  "timeMillis" : 1527479292869,
  "thread" : "Test worker",
  "level" : "INFO",
  "loggerName" : "com.ahmed.microservices.user.unit.UserBusinessInTest",
  "message" : "Starting UserBusinessInTest on TORWL400091 with PID 16428 (started by ahmohammed in C:\\Users\\ahmohammed\\Desktop\\homework\\microservice-cloud-boilerplate-complete\\user-webservice)",
  "endOfBatch" : false,
  "loggerFqcn" : "org.apache.commons.logging.impl.SLF4JLocationAwareLog",
  "threadId" : 9,
  "threadPriority" : 5
}
, {
  "timeMillis" : 1527479292966,
  "thread" : "Test worker",
  "level" : "DEBUG",
  "loggerName" : "com.ahmed.microservices.user.unit.UserBusinessInTest",
  "message" : "Running with Spring Boot v1.5.3.RELEASE, Spring v4.3.8.RELEASE",
  "endOfBatch" : false,
  "loggerFqcn" : "org.apache.commons.logging.impl.SLF4JLocationAwareLog",
  "threadId" : 9,
  "threadPriority" : 5
}
, {
  "timeMillis" : 1527479292967,
  "thread" : "Test worker",
  "level" : "INFO",
  "loggerName" : "com.ahmed.microservices.user.unit.UserBusinessInTest",
  "message" : "No active profile set, falling back to default profiles: default",
  "endOfBatch" : false,
  "loggerFqcn" : "org.apache.commons.logging.impl.SLF4JLocationAwareLog",
  "threadId" : 9,
  "threadPriority" : 5
}
, {
  "timeMillis" : 1527479296945,
  "thread" : "Test worker",
  "level" : "INFO",
  "loggerName" : "com.ahmed.microservices.user.unit.UserBusinessInTest",
  "message" : "Started UserBusinessInTest in 4.42 seconds (JVM running for 6.745)",
  "endOfBatch" : false,
  "loggerFqcn" : "org.apache.commons.logging.impl.SLF4JLocationAwareLog",
  "threadId" : 9,
  "threadPriority" : 5
}
, {
  "timeMillis" : 1527479297307,
  "thread" : "Test worker",
  "level" : "INFO",
  "loggerName" : "com.ahmed.microservices.user.unit.UserControllerInTest",
  "message" : "Starting UserControllerInTest on TORWL400091 with PID 16428 (started by ahmohammed in C:\\Users\\ahmohammed\\Desktop\\homework\\microservice-cloud-boilerplate-complete\\user-webservice)",
  "endOfBatch" : false,
  "loggerFqcn" : "org.apache.commons.logging.impl.SLF4JLocationAwareLog",
  "threadId" : 9,
  "threadPriority" : 5
}
, {
  "timeMillis" : 1527479297307,
  "thread" : "Test worker",
  "level" : "DEBUG",
  "loggerName" : "com.ahmed.microservices.user.unit.UserControllerInTest",
  "message" : "Running with Spring Boot v1.5.3.RELEASE, Spring v4.3.8.RELEASE",
  "endOfBatch" : false,
  "loggerFqcn" : "org.apache.commons.logging.impl.SLF4JLocationAwareLog",
  "threadId" : 9,
  "threadPriority" : 5
}
, {
  "timeMillis" : 1527479297307,
  "thread" : "Test worker",
  "level" : "INFO",
  "loggerName" : "com.ahmed.microservices.user.unit.UserControllerInTest",
  "message" : "No active profile set, falling back to default profiles: default",
  "endOfBatch" : false,
  "loggerFqcn" : "org.apache.commons.logging.impl.SLF4JLocationAwareLog",
  "threadId" : 9,
  "threadPriority" : 5
}
, {
  "timeMillis" : 1527479298359,
  "thread" : "Test worker",
  "level" : "INFO",
  "loggerName" : "com.ahmed.microservices.user.unit.UserControllerInTest",
  "message" : "Started UserControllerInTest in 1.104 seconds (JVM running for 8.158)",
  "endOfBatch" : false,
  "loggerFqcn" : "org.apache.commons.logging.impl.SLF4JLocationAwareLog",
  "threadId" : 9,
  "threadPriority" : 5
}
, {
  "timeMillis" : 1527479298419,
  "thread" : "Test worker",
  "level" : "ERROR",
  "loggerName" : "com.ahmed.exceptions.ExceptionHandlingController",
  "message" : "ExceptionResponse(exception=null, errorCode=INPUT-EMPTY-1001, errorMessage=Required request body is missing: org.springframework.http.ResponseEntity<com.ahmed.dto.UserDTO> com.ahmed.api.UserController.saveUser(com.ahmed.dto.UserDTO))",
  "endOfBatch" : false,
  "loggerFqcn" : "org.apache.logging.log4j.spi.AbstractLogger",
  "threadId" : 9,
  "threadPriority" : 5
}

]
{
  "timeMillis" : 1527479524136,
  "thread" : "Test worker",
  "level" : "INFO",
  "loggerName" : "com.ahmed.microservices.user.unit.UserBusinessInTest",
  "message" : "Starting UserBusinessInTest on TORWL400091 with PID 14888 (started by ahmohammed in C:\\Users\\ahmohammed\\Desktop\\homework\\microservice-cloud-boilerplate-complete\\user-webservice)",
  "endOfBatch" : false,
  "loggerFqcn" : "org.apache.commons.logging.impl.SLF4JLocationAwareLog",
  "threadId" : 9,
  "threadPriority" : 5
}
, {
  "timeMillis" : 1527479524221,
  "thread" : "Test worker",
  "level" : "DEBUG",
  "loggerName" : "com.ahmed.microservices.user.unit.UserBusinessInTest",
  "message" : "Running with Spring Boot v1.5.3.RELEASE, Spring v4.3.8.RELEASE",
  "endOfBatch" : false,
  "loggerFqcn" : "org.apache.commons.logging.impl.SLF4JLocationAwareLog",
  "threadId" : 9,
  "threadPriority" : 5
}
, {
  "timeMillis" : 1527479524221,
  "thread" : "Test worker",
  "level" : "INFO",
  "loggerName" : "com.ahmed.microservices.user.unit.UserBusinessInTest",
  "message" : "No active profile set, falling back to default profiles: default",
  "endOfBatch" : false,
  "loggerFqcn" : "org.apache.commons.logging.impl.SLF4JLocationAwareLog",
  "threadId" : 9,
  "threadPriority" : 5
}
, {
  "timeMillis" : 1527479528292,
  "thread" : "Test worker",
  "level" : "INFO",
  "loggerName" : "com.ahmed.microservices.user.unit.UserBusinessInTest",
  "message" : "Started UserBusinessInTest in 4.478 seconds (JVM running for 6.695)",
  "endOfBatch" : false,
  "loggerFqcn" : "org.apache.commons.logging.impl.SLF4JLocationAwareLog",
  "threadId" : 9,
  "threadPriority" : 5
}
, {
  "timeMillis" : 1527479528590,
  "thread" : "Test worker",
  "level" : "INFO",
  "loggerName" : "com.ahmed.microservices.user.unit.UserControllerInTest",
  "message" : "Starting UserControllerInTest on TORWL400091 with PID 14888 (started by ahmohammed in C:\\Users\\ahmohammed\\Desktop\\homework\\microservice-cloud-boilerplate-complete\\user-webservice)",
  "endOfBatch" : false,
  "loggerFqcn" : "org.apache.commons.logging.impl.SLF4JLocationAwareLog",
  "threadId" : 9,
  "threadPriority" : 5
}
, {
  "timeMillis" : 1527479528590,
  "thread" : "Test worker",
  "level" : "DEBUG",
  "loggerName" : "com.ahmed.microservices.user.unit.UserControllerInTest",
  "message" : "Running with Spring Boot v1.5.3.RELEASE, Spring v4.3.8.RELEASE",
  "endOfBatch" : false,
  "loggerFqcn" : "org.apache.commons.logging.impl.SLF4JLocationAwareLog",
  "threadId" : 9,
  "threadPriority" : 5
}
, {
  "timeMillis" : 1527479528591,
  "thread" : "Test worker",
  "level" : "INFO",
  "loggerName" : "com.ahmed.microservices.user.unit.UserControllerInTest",
  "message" : "No active profile set, falling back to default profiles: default",
  "endOfBatch" : false,
  "loggerFqcn" : "org.apache.commons.logging.impl.SLF4JLocationAwareLog",
  "threadId" : 9,
  "threadPriority" : 5
}
, {
  "timeMillis" : 1527479529929,
  "thread" : "Test worker",
  "level" : "INFO",
  "loggerName" : "com.ahmed.microservices.user.unit.UserControllerInTest",
  "message" : "Started UserControllerInTest in 1.393 seconds (JVM running for 8.332)",
  "endOfBatch" : false,
  "loggerFqcn" : "org.apache.commons.logging.impl.SLF4JLocationAwareLog",
  "threadId" : 9,
  "threadPriority" : 5
}
, {
  "timeMillis" : 1527479530000,
  "thread" : "Test worker",
  "level" : "ERROR",
  "loggerName" : "com.ahmed.exceptions.ExceptionHandlingController",
  "message" : "ExceptionResponse(exception=null, errorCode=INPUT-EMPTY-1001, errorMessage=Required request body is missing: org.springframework.http.ResponseEntity<com.ahmed.dto.UserDTO> com.ahmed.api.UserController.saveUser(com.ahmed.dto.UserDTO))",
  "endOfBatch" : false,
  "loggerFqcn" : "org.apache.logging.log4j.spi.AbstractLogger",
  "threadId" : 9,
  "threadPriority" : 5
}

]
